This file contains any messages produced by compilers while
running configure, to aid debugging if configure makes a mistake.

It was created by pfstools configure 1.8.5, which was
generated by GNU Autoconf 2.67.  Invocation command line was

  $ ./configure 

## --------- ##
## Platform. ##
## --------- ##

hostname = localhost.localdomain
uname -m = x86_64
uname -r = 2.6.41.10-3.fc15.x86_64
uname -s = Linux
uname -v = #1 SMP Mon Jan 23 15:46:37 UTC 2012

/usr/bin/uname -p = unknown
/bin/uname -X     = unknown

/bin/arch              = x86_64
/usr/bin/arch -k       = unknown
/usr/convex/getsysinfo = unknown
/usr/bin/hostinfo      = unknown
/bin/machine           = unknown
/usr/bin/oslevel       = unknown
/bin/universe          = unknown

PATH: /usr/autodesk/Autodesk_Toxik_2009_SP2/bin
PATH: /home/marnaud/scripts/boost
PATH: /usr/local/Nuke6.1v2/
PATH: /usr/local/Nuke6.3v1
PATH: /dist/linux/release/bin
PATH: /usr/autodesk/Autodesk_Toxik_2009_SP2/bin
PATH: /home/marnaud/scripts/boost
PATH: /usr/local/Nuke6.1v2/
PATH: /usr/local/Nuke6.3v1
PATH: /dist/linux/release/bin
PATH: /usr/lib64/qt-3.3/bin
PATH: /usr/lib64/mpich2/bin
PATH: /usr/local/bin
PATH: /usr/bin
PATH: /bin
PATH: /usr/games
PATH: /usr/local/sbin
PATH: /usr/sbin
PATH: /sbin
PATH: /home/marnaud/bin
PATH: /usr/local/cuda/bin/
PATH: /usr/local/cuda/computeprof/bin/


## ----------- ##
## Core tests. ##
## ----------- ##

configure:2511: checking for a BSD-compatible install
configure:2579: result: /usr/bin/install -c
configure:2590: checking whether build environment is sane
configure:2640: result: yes
configure:2781: checking for a thread-safe mkdir -p
configure:2820: result: /bin/mkdir -p
configure:2833: checking for gawk
configure:2849: found /usr/bin/gawk
configure:2860: result: gawk
configure:2871: checking whether make sets $(MAKE)
configure:2893: result: yes
configure:3041: checking for g++
configure:3057: found /usr/bin/g++
configure:3068: result: g++
configure:3095: checking for C++ compiler version
configure:3104: g++ --version >&5
g++ (GCC) 4.6.1 20110908 (Red Hat 4.6.1-9)
Copyright (C) 2011 Free Software Foundation, Inc.
This is free software; see the source for copying conditions.  There is NO
warranty; not even for MERCHANTABILITY or FITNESS FOR A PARTICULAR PURPOSE.

configure:3115: $? = 0
configure:3104: g++ -v >&5
Using built-in specs.
COLLECT_GCC=g++
COLLECT_LTO_WRAPPER=/usr/libexec/gcc/x86_64-redhat-linux/4.6.1/lto-wrapper
Target: x86_64-redhat-linux
Configured with: ../configure --prefix=/usr --mandir=/usr/share/man --infodir=/usr/share/info --with-bugurl=http://bugzilla.redhat.com/bugzilla --enable-bootstrap --enable-shared --enable-threads=posix --enable-checking=release --with-system-zlib --enable-__cxa_atexit --disable-libunwind-exceptions --enable-gnu-unique-object --enable-linker-build-id --enable-languages=c,c++,objc,obj-c++,java,fortran,ada,go,lto --enable-plugin --enable-java-awt=gtk --disable-dssi --with-java-home=/usr/lib/jvm/java-1.5.0-gcj-1.5.0.0/jre --enable-libgcj-multifile --enable-java-maintainer-mode --with-ecj-jar=/usr/share/java/eclipse-ecj.jar --disable-libjava-multilib --with-ppl --with-cloog --with-tune=generic --with-arch_32=i686 --build=x86_64-redhat-linux
Thread model: posix
gcc version 4.6.1 20110908 (Red Hat 4.6.1-9) (GCC) 
configure:3115: $? = 0
configure:3104: g++ -V >&5
g++: error: unrecognized option '-V'
g++: fatal error: no input files
compilation terminated.
configure:3115: $? = 4
configure:3104: g++ -qversion >&5
g++: error: unrecognized option '-qversion'
g++: fatal error: no input files
compilation terminated.
configure:3115: $? = 4
configure:3135: checking whether the C++ compiler works
configure:3157: g++    conftest.cpp  >&5
configure:3161: $? = 0
configure:3209: result: yes
configure:3212: checking for C++ compiler default output file name
configure:3214: result: a.out
configure:3220: checking for suffix of executables
configure:3227: g++ -o conftest    conftest.cpp  >&5
configure:3231: $? = 0
configure:3253: result: 
configure:3275: checking whether we are cross compiling
configure:3283: g++ -o conftest    conftest.cpp  >&5
configure:3287: $? = 0
configure:3294: ./conftest
configure:3298: $? = 0
configure:3313: result: no
configure:3318: checking for suffix of object files
configure:3340: g++ -c   conftest.cpp >&5
configure:3344: $? = 0
configure:3365: result: o
configure:3369: checking whether we are using the GNU C++ compiler
configure:3388: g++ -c   conftest.cpp >&5
configure:3388: $? = 0
configure:3397: result: yes
configure:3406: checking whether g++ accepts -g
configure:3426: g++ -c -g  conftest.cpp >&5
configure:3426: $? = 0
configure:3467: result: yes
configure:3501: checking for style of include used by make
configure:3529: result: GNU
configure:3554: checking dependency style of g++
configure:3664: result: gcc3
configure:3708: checking build system type
configure:3722: result: x86_64-unknown-linux-gnu
configure:3742: checking host system type
configure:3755: result: x86_64-unknown-linux-gnu
configure:3823: checking for gcc
configure:3839: found /usr/bin/gcc
configure:3850: result: gcc
configure:4079: checking for C compiler version
configure:4088: gcc --version >&5
gcc (GCC) 4.6.1 20110908 (Red Hat 4.6.1-9)
Copyright (C) 2011 Free Software Foundation, Inc.
This is free software; see the source for copying conditions.  There is NO
warranty; not even for MERCHANTABILITY or FITNESS FOR A PARTICULAR PURPOSE.

configure:4099: $? = 0
configure:4088: gcc -v >&5
Using built-in specs.
COLLECT_GCC=gcc
COLLECT_LTO_WRAPPER=/usr/libexec/gcc/x86_64-redhat-linux/4.6.1/lto-wrapper
Target: x86_64-redhat-linux
Configured with: ../configure --prefix=/usr --mandir=/usr/share/man --infodir=/usr/share/info --with-bugurl=http://bugzilla.redhat.com/bugzilla --enable-bootstrap --enable-shared --enable-threads=posix --enable-checking=release --with-system-zlib --enable-__cxa_atexit --disable-libunwind-exceptions --enable-gnu-unique-object --enable-linker-build-id --enable-languages=c,c++,objc,obj-c++,java,fortran,ada,go,lto --enable-plugin --enable-java-awt=gtk --disable-dssi --with-java-home=/usr/lib/jvm/java-1.5.0-gcj-1.5.0.0/jre --enable-libgcj-multifile --enable-java-maintainer-mode --with-ecj-jar=/usr/share/java/eclipse-ecj.jar --disable-libjava-multilib --with-ppl --with-cloog --with-tune=generic --with-arch_32=i686 --build=x86_64-redhat-linux
Thread model: posix
gcc version 4.6.1 20110908 (Red Hat 4.6.1-9) (GCC) 
configure:4099: $? = 0
configure:4088: gcc -V >&5
gcc: error: unrecognized option '-V'
gcc: fatal error: no input files
compilation terminated.
configure:4099: $? = 4
configure:4088: gcc -qversion >&5
gcc: error: unrecognized option '-qversion'
gcc: fatal error: no input files
compilation terminated.
configure:4099: $? = 4
configure:4103: checking whether we are using the GNU C compiler
configure:4122: gcc -c   conftest.c >&5
configure:4122: $? = 0
configure:4131: result: yes
configure:4140: checking whether gcc accepts -g
configure:4160: gcc -c -g  conftest.c >&5
configure:4160: $? = 0
configure:4201: result: yes
configure:4218: checking for gcc option to accept ISO C89
configure:4282: gcc  -c -g -O2  conftest.c >&5
configure:4282: $? = 0
configure:4295: result: none needed
configure:4317: checking dependency style of gcc
configure:4427: result: gcc3
configure:4442: checking for a sed that does not truncate output
configure:4506: result: /bin/sed
configure:4524: checking for grep that handles long lines and -e
configure:4582: result: /bin/grep
configure:4587: checking for egrep
configure:4649: result: /bin/grep -E
configure:4654: checking for fgrep
configure:4716: result: /bin/grep -F
configure:4751: checking for ld used by gcc
configure:4818: result: /usr/bin/ld
configure:4825: checking if the linker (/usr/bin/ld) is GNU ld
configure:4840: result: yes
configure:4852: checking for BSD- or MS-compatible name lister (nm)
configure:4901: result: /usr/bin/nm -B
configure:5019: checking the name lister (/usr/bin/nm -B) interface
configure:5026: g++ -c -g -O2  conftest.cpp >&5
configure:5029: /usr/bin/nm -B "conftest.o"
configure:5032: output
0000000000000000 B some_variable
configure:5039: result: BSD nm
configure:5042: checking whether ln -s works
configure:5046: result: yes
configure:5054: checking the maximum length of command line arguments
configure:5174: result: 1572864
configure:5191: checking whether the shell understands some XSI constructs
configure:5201: result: yes
configure:5205: checking whether the shell understands "+="
configure:5211: result: yes
configure:5246: checking for /usr/bin/ld option to reload object files
configure:5253: result: -r
configure:5322: checking for objdump
configure:5338: found /usr/bin/objdump
configure:5349: result: objdump
configure:5381: checking how to recognize dependent libraries
configure:5577: result: pass_all
configure:5637: checking for ar
configure:5653: found /usr/bin/ar
configure:5664: result: ar
configure:5742: checking for strip
configure:5758: found /usr/bin/strip
configure:5769: result: strip
configure:5841: checking for ranlib
configure:5857: found /usr/bin/ranlib
configure:5868: result: ranlib
configure:5958: checking command to parse /usr/bin/nm -B output from gcc object
configure:6076: g++ -c -g -O2  conftest.cpp >&5
configure:6079: $? = 0
configure:6083: /usr/bin/nm -B conftest.o \| sed -n -e 's/^.*[	 ]\([ABCDGIRSTW][ABCDGIRSTW]*\)[	 ][	 ]*\([_A-Za-z][_A-Za-z0-9]*\)$/\1 \2 \2/p' \> conftest.nm
configure:6086: $? = 0
configure:6140: g++ -o conftest -g -O2   conftest.cpp conftstm.o >&5
configure:6143: $? = 0
configure:6181: result: ok
configure:6277: g++ -c -g -O2  conftest.cpp >&5
configure:6280: $? = 0
configure:6990: checking how to run the C preprocessor
configure:7021: gcc -E  conftest.c
configure:7021: $? = 0
configure:7035: gcc -E  conftest.c
conftest.c:11:28: fatal error: ac_nonexistent.h: No such file or directory
compilation terminated.
configure:7035: $? = 1
configure: failed program was:
| /* confdefs.h */
| #define PACKAGE_NAME "pfstools"
| #define PACKAGE_TARNAME "pfstools"
| #define PACKAGE_VERSION "1.8.5"
| #define PACKAGE_STRING "pfstools 1.8.5"
| #define PACKAGE_BUGREPORT ""
| #define PACKAGE_URL ""
| #define PACKAGE "pfstools"
| #define VERSION "1.8.5"
| /* end confdefs.h.  */
| #include <ac_nonexistent.h>
configure:7060: result: gcc -E
configure:7080: gcc -E  conftest.c
configure:7080: $? = 0
configure:7094: gcc -E  conftest.c
conftest.c:11:28: fatal error: ac_nonexistent.h: No such file or directory
compilation terminated.
configure:7094: $? = 1
configure: failed program was:
| /* confdefs.h */
| #define PACKAGE_NAME "pfstools"
| #define PACKAGE_TARNAME "pfstools"
| #define PACKAGE_VERSION "1.8.5"
| #define PACKAGE_STRING "pfstools 1.8.5"
| #define PACKAGE_BUGREPORT ""
| #define PACKAGE_URL ""
| #define PACKAGE "pfstools"
| #define VERSION "1.8.5"
| /* end confdefs.h.  */
| #include <ac_nonexistent.h>
configure:7123: checking for ANSI C header files
configure:7143: gcc -c -g -O2  conftest.c >&5
configure:7143: $? = 0
configure:7216: gcc -o conftest -g -O2   conftest.c  >&5
configure:7216: $? = 0
configure:7216: ./conftest
configure:7216: $? = 0
configure:7227: result: yes
configure:7240: checking for sys/types.h
configure:7240: gcc -c -g -O2  conftest.c >&5
configure:7240: $? = 0
configure:7240: result: yes
configure:7240: checking for sys/stat.h
configure:7240: gcc -c -g -O2  conftest.c >&5
configure:7240: $? = 0
configure:7240: result: yes
configure:7240: checking for stdlib.h
configure:7240: gcc -c -g -O2  conftest.c >&5
configure:7240: $? = 0
configure:7240: result: yes
configure:7240: checking for string.h
configure:7240: gcc -c -g -O2  conftest.c >&5
configure:7240: $? = 0
configure:7240: result: yes
configure:7240: checking for memory.h
configure:7240: gcc -c -g -O2  conftest.c >&5
configure:7240: $? = 0
configure:7240: result: yes
configure:7240: checking for strings.h
configure:7240: gcc -c -g -O2  conftest.c >&5
configure:7240: $? = 0
configure:7240: result: yes
configure:7240: checking for inttypes.h
configure:7240: gcc -c -g -O2  conftest.c >&5
configure:7240: $? = 0
configure:7240: result: yes
configure:7240: checking for stdint.h
configure:7240: gcc -c -g -O2  conftest.c >&5
configure:7240: $? = 0
configure:7240: result: yes
configure:7240: checking for unistd.h
configure:7240: gcc -c -g -O2  conftest.c >&5
configure:7240: $? = 0
configure:7240: result: yes
configure:7254: checking for dlfcn.h
configure:7254: gcc -c -g -O2  conftest.c >&5
configure:7254: $? = 0
configure:7254: result: yes
configure:7379: checking for C++ compiler version
configure:7388: g++ --version >&5
g++ (GCC) 4.6.1 20110908 (Red Hat 4.6.1-9)
Copyright (C) 2011 Free Software Foundation, Inc.
This is free software; see the source for copying conditions.  There is NO
warranty; not even for MERCHANTABILITY or FITNESS FOR A PARTICULAR PURPOSE.

configure:7399: $? = 0
configure:7388: g++ -v >&5
Using built-in specs.
COLLECT_GCC=g++
COLLECT_LTO_WRAPPER=/usr/libexec/gcc/x86_64-redhat-linux/4.6.1/lto-wrapper
Target: x86_64-redhat-linux
Configured with: ../configure --prefix=/usr --mandir=/usr/share/man --infodir=/usr/share/info --with-bugurl=http://bugzilla.redhat.com/bugzilla --enable-bootstrap --enable-shared --enable-threads=posix --enable-checking=release --with-system-zlib --enable-__cxa_atexit --disable-libunwind-exceptions --enable-gnu-unique-object --enable-linker-build-id --enable-languages=c,c++,objc,obj-c++,java,fortran,ada,go,lto --enable-plugin --enable-java-awt=gtk --disable-dssi --with-java-home=/usr/lib/jvm/java-1.5.0-gcj-1.5.0.0/jre --enable-libgcj-multifile --enable-java-maintainer-mode --with-ecj-jar=/usr/share/java/eclipse-ecj.jar --disable-libjava-multilib --with-ppl --with-cloog --with-tune=generic --with-arch_32=i686 --build=x86_64-redhat-linux
Thread model: posix
gcc version 4.6.1 20110908 (Red Hat 4.6.1-9) (GCC) 
configure:7399: $? = 0
configure:7388: g++ -V >&5
g++: error: unrecognized option '-V'
g++: fatal error: no input files
compilation terminated.
configure:7399: $? = 4
configure:7388: g++ -qversion >&5
g++: error: unrecognized option '-qversion'
g++: fatal error: no input files
compilation terminated.
configure:7399: $? = 4
configure:7403: checking whether we are using the GNU C++ compiler
configure:7431: result: yes
configure:7440: checking whether g++ accepts -g
configure:7501: result: yes
configure:7526: checking dependency style of g++
configure:7636: result: gcc3
configure:7659: checking how to run the C++ preprocessor
configure:7686: g++ -E  conftest.cpp
configure:7686: $? = 0
configure:7700: g++ -E  conftest.cpp
conftest.cpp:22:28: fatal error: ac_nonexistent.h: No such file or directory
compilation terminated.
configure:7700: $? = 1
configure: failed program was:
| /* confdefs.h */
| #define PACKAGE_NAME "pfstools"
| #define PACKAGE_TARNAME "pfstools"
| #define PACKAGE_VERSION "1.8.5"
| #define PACKAGE_STRING "pfstools 1.8.5"
| #define PACKAGE_BUGREPORT ""
| #define PACKAGE_URL ""
| #define PACKAGE "pfstools"
| #define VERSION "1.8.5"
| #define STDC_HEADERS 1
| #define HAVE_SYS_TYPES_H 1
| #define HAVE_SYS_STAT_H 1
| #define HAVE_STDLIB_H 1
| #define HAVE_STRING_H 1
| #define HAVE_MEMORY_H 1
| #define HAVE_STRINGS_H 1
| #define HAVE_INTTYPES_H 1
| #define HAVE_STDINT_H 1
| #define HAVE_UNISTD_H 1
| #define HAVE_DLFCN_H 1
| /* end confdefs.h.  */
| #include <ac_nonexistent.h>
configure:7725: result: g++ -E
configure:7745: g++ -E  conftest.cpp
configure:7745: $? = 0
configure:7759: g++ -E  conftest.cpp
conftest.cpp:22:28: fatal error: ac_nonexistent.h: No such file or directory
compilation terminated.
configure:7759: $? = 1
configure: failed program was:
| /* confdefs.h */
| #define PACKAGE_NAME "pfstools"
| #define PACKAGE_TARNAME "pfstools"
| #define PACKAGE_VERSION "1.8.5"
| #define PACKAGE_STRING "pfstools 1.8.5"
| #define PACKAGE_BUGREPORT ""
| #define PACKAGE_URL ""
| #define PACKAGE "pfstools"
| #define VERSION "1.8.5"
| #define STDC_HEADERS 1
| #define HAVE_SYS_TYPES_H 1
| #define HAVE_SYS_STAT_H 1
| #define HAVE_STDLIB_H 1
| #define HAVE_STRING_H 1
| #define HAVE_MEMORY_H 1
| #define HAVE_STRINGS_H 1
| #define HAVE_INTTYPES_H 1
| #define HAVE_STDINT_H 1
| #define HAVE_UNISTD_H 1
| #define HAVE_DLFCN_H 1
| /* end confdefs.h.  */
| #include <ac_nonexistent.h>
configure:7965: checking for objdir
configure:7980: result: .libs
configure:8276: checking if gcc supports -fno-rtti -fno-exceptions
configure:8294: gcc -c -g -O2  -fno-rtti -fno-exceptions conftest.c >&5
cc1: warning: command line option '-fno-rtti' is valid for C++/ObjC++ but not for C [enabled by default]
configure:8298: $? = 0
configure:8311: result: no
configure:8331: checking for gcc option to produce PIC
configure:8603: result: -fPIC -DPIC
configure:8615: checking if gcc PIC flag -fPIC -DPIC works
configure:8633: gcc -c -g -O2  -fPIC -DPIC -DPIC conftest.c >&5
configure:8637: $? = 0
configure:8650: result: yes
configure:8674: checking if gcc static flag -static works
configure:8702: result: yes
configure:8717: checking if gcc supports -c -o file.o
configure:8738: gcc -c -g -O2  -o out/conftest2.o conftest.c >&5
configure:8742: $? = 0
configure:8764: result: yes
configure:8772: checking if gcc supports -c -o file.o
configure:8819: result: yes
configure:8852: checking whether the gcc linker (/usr/bin/ld -m elf_x86_64) supports shared libraries
configure:9843: result: yes
configure:9880: checking whether -lc should be explicitly linked in
configure:9885: gcc -c -g -O2  conftest.c >&5
configure:9888: $? = 0
configure:9903: gcc -shared conftest.o  -v -Wl,-soname -Wl,conftest -o conftest 2\>\&1 \| /bin/grep  -lc  \>/dev/null 2\>\&1
configure:9906: $? = 0
configure:9918: result: no
configure:10082: checking dynamic linker characteristics
configure:10515: gcc -o conftest -g -O2   -Wl,-rpath -Wl,/foo conftest.c  >&5
configure:10515: $? = 0
configure:10745: result: GNU/Linux ld.so
configure:10847: checking how to hardcode library paths into programs
configure:10872: result: immediate
configure:11392: checking whether stripping libraries is possible
configure:11397: result: yes
configure:11432: checking if libtool supports shared libraries
configure:11434: result: yes
configure:11437: checking whether to build shared libraries
configure:11458: result: yes
configure:11461: checking whether to build static libraries
configure:11465: result: yes
configure:11615: checking for ld used by g++
configure:11682: result: /usr/bin/ld -m elf_x86_64
configure:11689: checking if the linker (/usr/bin/ld -m elf_x86_64) is GNU ld
configure:11704: result: yes
configure:11759: checking whether the g++ linker (/usr/bin/ld -m elf_x86_64) supports shared libraries
configure:12672: result: yes
configure:12700: g++ -c -g -O2  conftest.cpp >&5
configure:12703: $? = 0
configure:12885: checking for g++ option to produce PIC
configure:13202: result: -fPIC -DPIC
configure:13211: checking if g++ PIC flag -fPIC -DPIC works
configure:13229: g++ -c -g -O2  -fPIC -DPIC -DPIC conftest.cpp >&5
configure:13233: $? = 0
configure:13246: result: yes
configure:13267: checking if g++ static flag -static works
configure:13295: result: no
configure:13307: checking if g++ supports -c -o file.o
configure:13328: g++ -c -g -O2  -o out/conftest2.o conftest.cpp >&5
configure:13332: $? = 0
configure:13354: result: yes
configure:13359: checking if g++ supports -c -o file.o
configure:13406: result: yes
configure:13436: checking whether the g++ linker (/usr/bin/ld -m elf_x86_64) supports shared libraries
configure:13465: result: yes
configure:13602: checking dynamic linker characteristics
configure:13983: g++ -o conftest -g -O2   -Wl,-rpath -Wl,/foo conftest.cpp  >&5
configure:13983: $? = 0
configure:14213: result: GNU/Linux ld.so
configure:14264: checking how to hardcode library paths into programs
configure:14289: result: immediate
configure:14522: checking for pm_init in -lnetpbm
configure:14547: g++ -o conftest -O3      conftest.cpp -lnetpbm   >&5
/usr/bin/ld: cannot find -lnetpbm
collect2: ld returned 1 exit status
configure:14547: $? = 1
configure: failed program was:
| /* confdefs.h */
| #define PACKAGE_NAME "pfstools"
| #define PACKAGE_TARNAME "pfstools"
| #define PACKAGE_VERSION "1.8.5"
| #define PACKAGE_STRING "pfstools 1.8.5"
| #define PACKAGE_BUGREPORT ""
| #define PACKAGE_URL ""
| #define PACKAGE "pfstools"
| #define VERSION "1.8.5"
| #define STDC_HEADERS 1
| #define HAVE_SYS_TYPES_H 1
| #define HAVE_SYS_STAT_H 1
| #define HAVE_STDLIB_H 1
| #define HAVE_STRING_H 1
| #define HAVE_MEMORY_H 1
| #define HAVE_STRINGS_H 1
| #define HAVE_INTTYPES_H 1
| #define HAVE_STDINT_H 1
| #define HAVE_UNISTD_H 1
| #define HAVE_DLFCN_H 1
| #define LT_OBJDIR ".libs/"
| #define NDEBUG 1
| /* end confdefs.h.  */
| 
| /* Override any GCC internal prototype to avoid an error.
|    Use char because int might match the return type of a GCC
|    builtin and then its argument prototype would still apply.  */
| #ifdef __cplusplus
| extern "C"
| #endif
| char pm_init ();
| int
| main ()
| {
| return pm_init ();
|   ;
|   return 0;
| }
configure:14556: result: no
configure:14571: checking for ppm_init in -lppm
configure:14596: g++ -o conftest -O3      conftest.cpp -lppm   >&5
/usr/bin/ld: cannot find -lppm
collect2: ld returned 1 exit status
configure:14596: $? = 1
configure: failed program was:
| /* confdefs.h */
| #define PACKAGE_NAME "pfstools"
| #define PACKAGE_TARNAME "pfstools"
| #define PACKAGE_VERSION "1.8.5"
| #define PACKAGE_STRING "pfstools 1.8.5"
| #define PACKAGE_BUGREPORT ""
| #define PACKAGE_URL ""
| #define PACKAGE "pfstools"
| #define VERSION "1.8.5"
| #define STDC_HEADERS 1
| #define HAVE_SYS_TYPES_H 1
| #define HAVE_SYS_STAT_H 1
| #define HAVE_STDLIB_H 1
| #define HAVE_STRING_H 1
| #define HAVE_MEMORY_H 1
| #define HAVE_STRINGS_H 1
| #define HAVE_INTTYPES_H 1
| #define HAVE_STDINT_H 1
| #define HAVE_UNISTD_H 1
| #define HAVE_DLFCN_H 1
| #define LT_OBJDIR ".libs/"
| #define NDEBUG 1
| /* end confdefs.h.  */
| 
| /* Override any GCC internal prototype to avoid an error.
|    Use char because int might match the return type of a GCC
|    builtin and then its argument prototype would still apply.  */
| #ifdef __cplusplus
| extern "C"
| #endif
| char ppm_init ();
| int
| main ()
| {
| return ppm_init ();
|   ;
|   return 0;
| }
configure:14605: result: no
configure:14698: checking for pkg-config
configure:14716: found /usr/bin/pkg-config
configure:14728: result: /usr/bin/pkg-config
configure:14753: checking pkg-config is at least version 0.9.0
configure:14756: result: yes
configure:14766: checking for IMAGEMAGICK
configure:14773: $PKG_CONFIG --exists --print-errors "ImageMagick++ >= 6.0"
configure:14776: $? = 0
configure:14789: $PKG_CONFIG --exists --print-errors "ImageMagick++ >= 6.0"
configure:14792: $? = 0
configure:14831: result: yes
configure:14843: checking for TIFFOpen in -ltiff
configure:14868: g++ -o conftest -O3      conftest.cpp -ltiff   >&5
configure:14868: $? = 0
configure:14877: result: yes
configure:14894: checking for jpeghdr_CreateDecompress in -ljpeghdr
configure:14919: g++ -o conftest -O3      conftest.cpp -ljpeghdr -lhdr -ljpeg -lm  >&5
/usr/bin/ld: cannot find -ljpeghdr
/usr/bin/ld: cannot find -lhdr
collect2: ld returned 1 exit status
configure:14919: $? = 1
configure: failed program was:
| /* confdefs.h */
| #define PACKAGE_NAME "pfstools"
| #define PACKAGE_TARNAME "pfstools"
| #define PACKAGE_VERSION "1.8.5"
| #define PACKAGE_STRING "pfstools 1.8.5"
| #define PACKAGE_BUGREPORT ""
| #define PACKAGE_URL ""
| #define PACKAGE "pfstools"
| #define VERSION "1.8.5"
| #define STDC_HEADERS 1
| #define HAVE_SYS_TYPES_H 1
| #define HAVE_SYS_STAT_H 1
| #define HAVE_STDLIB_H 1
| #define HAVE_STRING_H 1
| #define HAVE_MEMORY_H 1
| #define HAVE_STRINGS_H 1
| #define HAVE_INTTYPES_H 1
| #define HAVE_STDINT_H 1
| #define HAVE_UNISTD_H 1
| #define HAVE_DLFCN_H 1
| #define LT_OBJDIR ".libs/"
| #define NDEBUG 1
| #define HAVE_LIBIMAGEMAGICK 1
| #define HAVE_LIBTIFF 1
| /* end confdefs.h.  */
| 
| /* Override any GCC internal prototype to avoid an error.
|    Use char because int might match the return type of a GCC
|    builtin and then its argument prototype would still apply.  */
| #ifdef __cplusplus
| extern "C"
| #endif
| char jpeghdr_CreateDecompress ();
| int
| main ()
| {
| return jpeghdr_CreateDecompress ();
|   ;
|   return 0;
| }
configure:14928: result: no
configure:14956: checking for OPENEXR
configure:14963: $PKG_CONFIG --exists --print-errors "OpenEXR >= 1.0"
Package OpenEXR was not found in the pkg-config search path.
Perhaps you should add the directory containing `OpenEXR.pc'
to the PKG_CONFIG_PATH environment variable
No package 'OpenEXR' found
configure:14966: $? = 1
configure:14979: $PKG_CONFIG --exists --print-errors "OpenEXR >= 1.0"
Package OpenEXR was not found in the pkg-config search path.
Perhaps you should add the directory containing `OpenEXR.pc'
to the PKG_CONFIG_PATH environment variable
No package 'OpenEXR' found
configure:14982: $? = 1
configure:14995: result: no
No package 'OpenEXR' found
configure:15013: WARNING: No package 'OpenEXR' found 
configure:15016: checking for OpenEXR header files
configure:15030: result: no
configure:15054: g++ -o conftest -O3    -I   conftest.cpp -lImath -lIlmImf -lHalf -lIex -lz  >&5
/usr/bin/ld: cannot find -lIlmImf
collect2: ld returned 1 exit status
configure:15054: $? = 1
configure: failed program was:
| /* confdefs.h */
| #define PACKAGE_NAME "pfstools"
| #define PACKAGE_TARNAME "pfstools"
| #define PACKAGE_VERSION "1.8.5"
| #define PACKAGE_STRING "pfstools 1.8.5"
| #define PACKAGE_BUGREPORT ""
| #define PACKAGE_URL ""
| #define PACKAGE "pfstools"
| #define VERSION "1.8.5"
| #define STDC_HEADERS 1
| #define HAVE_SYS_TYPES_H 1
| #define HAVE_SYS_STAT_H 1
| #define HAVE_STDLIB_H 1
| #define HAVE_STRING_H 1
| #define HAVE_MEMORY_H 1
| #define HAVE_STRINGS_H 1
| #define HAVE_INTTYPES_H 1
| #define HAVE_STDINT_H 1
| #define HAVE_UNISTD_H 1
| #define HAVE_DLFCN_H 1
| #define LT_OBJDIR ".libs/"
| #define NDEBUG 1
| #define HAVE_LIBIMAGEMAGICK 1
| #define HAVE_LIBTIFF 1
| /* end confdefs.h.  */
| #include <ImfRgbaFile.h>
| using namespace Imf;
| using namespace Imath;
| int
| main ()
| {
| RgbaInputFile file("bzdet");
|   ;
|   return 0;
| }
configure:15061: result: no
configure:15176: checking for QT
configure:15183: $PKG_CONFIG --exists --print-errors "QtGui"
configure:15186: $? = 0
configure:15199: $PKG_CONFIG --exists --print-errors "QtGui"
configure:15202: $? = 0
configure:15397: result: yes
configure:15425: checking for /usr/lib64/qt4//bin/moc
configure:15455: result: /usr/lib64/qt4//bin/moc
configure:15522: checking for glDisable in -lGL
configure:15547: g++ -o conftest -O3      conftest.cpp -lGL   >&5
configure:15547: $? = 0
configure:15556: result: yes
configure:15560: checking for glutInit in -lglut
configure:15585: g++ -o conftest -O3      conftest.cpp -lglut   >&5
configure:15585: $? = 0
configure:15594: result: yes
configure:15678: checking for mex
configure:15711: result: no
configure:15730: WARNING: no matlab mex found in the path
configure:15737: checking for GDALAllRegister in -lgdal
configure:15762: g++ -o conftest -O3      conftest.cpp -lgdal   >&5
/usr/bin/ld: cannot find -lgdal
collect2: ld returned 1 exit status
configure:15762: $? = 1
configure: failed program was:
| /* confdefs.h */
| #define PACKAGE_NAME "pfstools"
| #define PACKAGE_TARNAME "pfstools"
| #define PACKAGE_VERSION "1.8.5"
| #define PACKAGE_STRING "pfstools 1.8.5"
| #define PACKAGE_BUGREPORT ""
| #define PACKAGE_URL ""
| #define PACKAGE "pfstools"
| #define VERSION "1.8.5"
| #define STDC_HEADERS 1
| #define HAVE_SYS_TYPES_H 1
| #define HAVE_SYS_STAT_H 1
| #define HAVE_STDLIB_H 1
| #define HAVE_STRING_H 1
| #define HAVE_MEMORY_H 1
| #define HAVE_STRINGS_H 1
| #define HAVE_INTTYPES_H 1
| #define HAVE_STDINT_H 1
| #define HAVE_UNISTD_H 1
| #define HAVE_DLFCN_H 1
| #define LT_OBJDIR ".libs/"
| #define NDEBUG 1
| #define HAVE_LIBIMAGEMAGICK 1
| #define HAVE_LIBTIFF 1
| #define HAVE_LIBQT 1
| #define HAVE_LIBOPENGL 1
| /* end confdefs.h.  */
| 
| /* Override any GCC internal prototype to avoid an error.
|    Use char because int might match the return type of a GCC
|    builtin and then its argument prototype would still apply.  */
| #ifdef __cplusplus
| extern "C"
| #endif
| char GDALAllRegister ();
| int
| main ()
| {
| return GDALAllRegister ();
|   ;
|   return 0;
| }
configure:15771: result: no
configure:15814: checking for bash
configure:15832: found /bin/bash
configure:15844: result: /bin/bash
configure:15942: checking for mkoctfile
configure:15975: result: no
configure:15980: WARNING: no mkoctfile found in the path
configure:15985: WARNING: Octave support disabled
configure:15996: checking for pdflatex
configure:16014: found /usr/bin/pdflatex
configure:16026: result: /usr/bin/pdflatex
configure:16343: creating ./config.status

## ---------------------- ##
## Running config.status. ##
## ---------------------- ##

This file was extended by pfstools config.status 1.8.5, which was
generated by GNU Autoconf 2.67.  Invocation command line was

  CONFIG_FILES    = 
  CONFIG_HEADERS  = 
  CONFIG_LINKS    = 
  CONFIG_COMMANDS = 
  $ ./config.status 

on localhost.localdomain

config.status:1202: creating Makefile
config.status:1202: creating src/Makefile
config.status:1202: creating src/pfs/Makefile
config.status:1202: creating src/pfs/pfs.pc
config.status:1202: creating src/fileformat/Makefile
config.status:1202: creating src/filter/Makefile
config.status:1202: creating src/octave/Makefile
config.status:1202: creating src/pfsview/Makefile
config.status:1202: creating src/pfsglview/Makefile
config.status:1202: creating src/matlab/Makefile
config.status:1202: creating doc/Makefile
config.status:1202: creating src/fileformat/pfsin
config.status:1202: creating src/fileformat/pfsout
config.status:1202: creating src/fileformat/pfsindcraw
config.status:1202: creating src/fileformat/pfsinmulti
config.status:1202: creating src/pfsview/pfsv
config.status:1202: creating src/hdrhtml/Makefile
config.status:1202: creating config.h
config.status:1382: config.h is unchanged
config.status:1430: executing depfiles commands
config.status:1430: executing libtool commands
configure:18860: result:
pfstools is now configured for x86_64-unknown-linux-gnu

  Source directory:     .
  Installation prefix:  /usr/local
  C++ compiler:         g++   -O3   
  Data directory:       /usr/local/share/pfstools

  Bash shell:           /bin/bash

  Octave                no
    octave-m-dir:       /usr/share/octave/3.4.3/site/m/pfstools
    octave-oct-dir:     /usr/lib64/octave/3.4.3/site/oct/x86_64-redhat-linux-gnu/pfstools
    mkoctfile:          

  Matlab                no
    matlab-dir:         /usr/local/share/pfstools/pfstools_matlab
    mex:                

  NetPBM                no
configure:18887: result:       The following command(s) WILL NOT be compiled: pfsinppm pfsoutppm
configure:18890: result:   TIFF                  yes
configure:18893: result:     LIBS:               -ltiff
configure:18899: result:   OpenEXR               no
configure:18907: result:       The following command(s) WILL NOT be compiled: pfsinexr pfsoutexr
configure:18910: result:   ImageMagick++         yes
configure:18914: result:     CFLAGS:             -fopenmp -I/usr/include/ImageMagick  
    LIBS:               -lMagick++ -lMagickCore  
configure:18921: result:   JPEG-HDR              no
configure:18927: result:       The following command(s) WILL NOT be compiled: pfsinjpeghdr pfsoutjpeghdr
configure:18930: result:   GDAL                  no
configure:18938: result:       The following command(s) WILL NOT be compiled: pfsingdal
configure:18941: result:   QT                    yes
configure:18948: result:     QTDIR:              /usr/lib64/qt4/
    CFLAGS:             -DQT_SHARED -I/usr/include/QtGui -I/usr/include/QtCore  
    LIBS:               -lQtGui -lQtCore  
    MOC:                /usr/lib64/qt4//bin/moc

configure:18958: result:   OpenGL                yes
configure:18963: result:     CFLAGS:             
    LIBS:                -lglut -lGLU -lGL -lpthread
    
configure:18974: result:   Debug mode            no




## ---------------- ##
## Cache variables. ##
## ---------------- ##

ac_cv_build=x86_64-unknown-linux-gnu
ac_cv_c_compiler_gnu=yes
ac_cv_cxx_compiler_gnu=yes
ac_cv_env_CCC_set=
ac_cv_env_CCC_value=
ac_cv_env_CC_set=
ac_cv_env_CC_value=
ac_cv_env_CFLAGS_set=
ac_cv_env_CFLAGS_value=
ac_cv_env_CPPFLAGS_set=
ac_cv_env_CPPFLAGS_value=
ac_cv_env_CPP_set=
ac_cv_env_CPP_value=
ac_cv_env_CXXCPP_set=
ac_cv_env_CXXCPP_value=
ac_cv_env_CXXFLAGS_set=
ac_cv_env_CXXFLAGS_value=
ac_cv_env_CXX_set=
ac_cv_env_CXX_value=
ac_cv_env_IMAGEMAGICK_CFLAGS_set=
ac_cv_env_IMAGEMAGICK_CFLAGS_value=
ac_cv_env_IMAGEMAGICK_LIBS_set=
ac_cv_env_IMAGEMAGICK_LIBS_value=
ac_cv_env_LDFLAGS_set=
ac_cv_env_LDFLAGS_value=
ac_cv_env_LIBS_set=
ac_cv_env_LIBS_value=
ac_cv_env_OPENEXR_CFLAGS_set=
ac_cv_env_OPENEXR_CFLAGS_value=
ac_cv_env_OPENEXR_LIBS_set=
ac_cv_env_OPENEXR_LIBS_value=
ac_cv_env_PKG_CONFIG_LIBDIR_set=
ac_cv_env_PKG_CONFIG_LIBDIR_value=
ac_cv_env_PKG_CONFIG_PATH_set=
ac_cv_env_PKG_CONFIG_PATH_value=
ac_cv_env_PKG_CONFIG_set=
ac_cv_env_PKG_CONFIG_value=
ac_cv_env_QT_CFLAGS_set=
ac_cv_env_QT_CFLAGS_value=
ac_cv_env_QT_LIBS_set=
ac_cv_env_QT_LIBS_value=
ac_cv_env_build_alias_set=
ac_cv_env_build_alias_value=
ac_cv_env_host_alias_set=
ac_cv_env_host_alias_value=
ac_cv_env_target_alias_set=
ac_cv_env_target_alias_value=
ac_cv_header_dlfcn_h=yes
ac_cv_header_inttypes_h=yes
ac_cv_header_memory_h=yes
ac_cv_header_stdc=yes
ac_cv_header_stdint_h=yes
ac_cv_header_stdlib_h=yes
ac_cv_header_string_h=yes
ac_cv_header_strings_h=yes
ac_cv_header_sys_stat_h=yes
ac_cv_header_sys_types_h=yes
ac_cv_header_unistd_h=yes
ac_cv_host=x86_64-unknown-linux-gnu
ac_cv_lib_GL_glDisable=yes
ac_cv_lib_gdal_GDALAllRegister=no
ac_cv_lib_glut_glutInit=yes
ac_cv_lib_jpeghdr_jpeghdr_CreateDecompress=no
ac_cv_lib_netpbm_pm_init=no
ac_cv_lib_ppm_ppm_init=no
ac_cv_lib_tiff_TIFFOpen=yes
ac_cv_objext=o
ac_cv_path_BASH_PATH=/bin/bash
ac_cv_path_EGREP='/bin/grep -E'
ac_cv_path_FGREP='/bin/grep -F'
ac_cv_path_GREP=/bin/grep
ac_cv_path_MOC=/usr/lib64/qt4//bin/moc
ac_cv_path_PDFLATEX=/usr/bin/pdflatex
ac_cv_path_SED=/bin/sed
ac_cv_path_ac_pt_PKG_CONFIG=/usr/bin/pkg-config
ac_cv_path_install='/usr/bin/install -c'
ac_cv_path_mkdir=/bin/mkdir
ac_cv_prog_AWK=gawk
ac_cv_prog_CPP='gcc -E'
ac_cv_prog_CXXCPP='g++ -E'
ac_cv_prog_ac_ct_AR=ar
ac_cv_prog_ac_ct_CC=gcc
ac_cv_prog_ac_ct_CXX=g++
ac_cv_prog_ac_ct_OBJDUMP=objdump
ac_cv_prog_ac_ct_RANLIB=ranlib
ac_cv_prog_ac_ct_STRIP=strip
ac_cv_prog_cc_c89=
ac_cv_prog_cc_g=yes
ac_cv_prog_cxx_g=yes
ac_cv_prog_make_make_set=yes
am_cv_CC_dependencies_compiler_type=gcc3
am_cv_CXX_dependencies_compiler_type=gcc3
lt_cv_deplibs_check_method=pass_all
lt_cv_file_magic_cmd='$MAGIC_CMD'
lt_cv_file_magic_test_file=
lt_cv_ld_reload_flag=-r
lt_cv_nm_interface='BSD nm'
lt_cv_objdir=.libs
lt_cv_path_LD=/usr/bin/ld
lt_cv_path_LDCXX='/usr/bin/ld -m elf_x86_64'
lt_cv_path_NM='/usr/bin/nm -B'
lt_cv_prog_compiler_c_o=yes
lt_cv_prog_compiler_c_o_CXX=yes
lt_cv_prog_compiler_pic_works=yes
lt_cv_prog_compiler_pic_works_CXX=yes
lt_cv_prog_compiler_rtti_exceptions=no
lt_cv_prog_compiler_static_works=yes
lt_cv_prog_compiler_static_works_CXX=no
lt_cv_prog_gnu_ld=yes
lt_cv_prog_gnu_ldcxx=yes
lt_cv_sys_global_symbol_pipe='sed -n -e '\''s/^.*[	 ]\([ABCDGIRSTW][ABCDGIRSTW]*\)[	 ][	 ]*\([_A-Za-z][_A-Za-z0-9]*\)$/\1 \2 \2/p'\'''
lt_cv_sys_global_symbol_to_c_name_address='sed -n -e '\''s/^: \([^ ]*\) $/  {\"\1\", (void *) 0},/p'\'' -e '\''s/^[ABCDGIRSTW]* \([^ ]*\) \([^ ]*\)$/  {"\2", (void *) \&\2},/p'\'''
lt_cv_sys_global_symbol_to_c_name_address_lib_prefix='sed -n -e '\''s/^: \([^ ]*\) $/  {\"\1\", (void *) 0},/p'\'' -e '\''s/^[ABCDGIRSTW]* \([^ ]*\) \(lib[^ ]*\)$/  {"\2", (void *) \&\2},/p'\'' -e '\''s/^[ABCDGIRSTW]* \([^ ]*\) \([^ ]*\)$/  {"lib\2", (void *) \&\2},/p'\'''
lt_cv_sys_global_symbol_to_cdecl='sed -n -e '\''s/^T .* \(.*\)$/extern int \1();/p'\'' -e '\''s/^[ABCDGIRSTW]* .* \(.*\)$/extern char \1;/p'\'''
lt_cv_sys_max_cmd_len=1572864
pkg_cv_IMAGEMAGICK_CFLAGS='-fopenmp -I/usr/include/ImageMagick  '
pkg_cv_IMAGEMAGICK_LIBS='-lMagick++ -lMagickCore  '
pkg_cv_QT_CFLAGS='-DQT_SHARED -I/usr/include/QtGui -I/usr/include/QtCore  '
pkg_cv_QT_LIBS='-lQtGui -lQtCore  '

## ----------------- ##
## Output variables. ##
## ----------------- ##

ACLOCAL='${SHELL} /home/marnaud/dev/dream/TuttleOFX/plugins/private/Tonemapping/Libraries/pfstools-1.8.5/missing --run aclocal-1.11'
AMDEPBACKSLASH='\'
AMDEP_FALSE='#'
AMDEP_TRUE=''
AMTAR='${SHELL} /home/marnaud/dev/dream/TuttleOFX/plugins/private/Tonemapping/Libraries/pfstools-1.8.5/missing --run tar'
AR='ar'
AUTOCONF='${SHELL} /home/marnaud/dev/dream/TuttleOFX/plugins/private/Tonemapping/Libraries/pfstools-1.8.5/missing --run autoconf'
AUTOHEADER='${SHELL} /home/marnaud/dev/dream/TuttleOFX/plugins/private/Tonemapping/Libraries/pfstools-1.8.5/missing --run autoheader'
AUTOMAKE='${SHELL} /home/marnaud/dev/dream/TuttleOFX/plugins/private/Tonemapping/Libraries/pfstools-1.8.5/missing --run automake-1.11'
AWK='gawk'
BASH_PATH='/bin/bash'
CC='gcc'
CCDEPMODE='depmode=gcc3'
CFLAGS='-g -O2'
CPP='gcc -E'
CPPFLAGS=''
CXX='g++'
CXXCPP='g++ -E'
CXXDEPMODE='depmode=gcc3'
CXXFLAGS='-O3   '
CYGPATH_W='echo'
DEFS='-DHAVE_CONFIG_H'
DEPDIR='.deps'
DSYMUTIL=''
DUMPBIN=''
ECHO_C=''
ECHO_N='-n'
ECHO_T=''
EGREP='/bin/grep -E'
EXEEXT=''
FGREP='/bin/grep -F'
GDAL_LIBS=''
GDAL_SUPPORT_FALSE=''
GDAL_SUPPORT_TRUE='#'
GL_CFLAGS=''
GL_LIBS=' -lglut -lGLU -lGL -lpthread'
GL_SUPPORT_FALSE='#'
GL_SUPPORT_TRUE=''
GREP='/bin/grep'
IMAGEMAGICK_CFLAGS='-fopenmp -I/usr/include/ImageMagick  '
IMAGEMAGICK_LIBS='-lMagick++ -lMagickCore  '
IMAGEMAGICK_SUPPORT_FALSE='#'
IMAGEMAGICK_SUPPORT_TRUE=''
INSTALL_DATA='${INSTALL} -m 644'
INSTALL_PROGRAM='${INSTALL}'
INSTALL_SCRIPT='${INSTALL}'
INSTALL_STRIP_PROGRAM='$(install_sh) -c -s'
JPEGHDR_LIBS=''
JPEGHDR_SUPPORT_FALSE=''
JPEGHDR_SUPPORT_TRUE='#'
LD='/usr/bin/ld -m elf_x86_64'
LDFLAGS=''
LIBOBJS=''
LIBS=''
LIBTOOL='$(SHELL) $(top_builddir)/libtool'
LIPO=''
LN_S='ln -s'
LTLIBOBJS=''
MAC_OS_FALSE=''
MAC_OS_TRUE='#'
MAKEINFO='${SHELL} /home/marnaud/dev/dream/TuttleOFX/plugins/private/Tonemapping/Libraries/pfstools-1.8.5/missing --run makeinfo'
MATLAB_SUPPORT_FALSE=''
MATLAB_SUPPORT_TRUE='#'
MEX=''
MEX_DIR='/usr/local/share/pfstools/pfstools_matlab'
MEX_EXT=''
MKDIR_P='/bin/mkdir -p'
MKOCTFILE=''
MOC='/usr/lib64/qt4//bin/moc'
NETPBM_CFLAGS=''
NETPBM_LIBS=''
NM='/usr/bin/nm -B'
NMEDIT=''
OBJDUMP='objdump'
OBJEXT='o'
OCTAVE_M_DIR='/usr/share/octave/3.4.3/site/m/pfstools'
OCTAVE_OCT_DIR='/usr/lib64/octave/3.4.3/site/oct/x86_64-redhat-linux-gnu/pfstools'
OCTAVE_SUPPORT_FALSE=''
OCTAVE_SUPPORT_TRUE='#'
OPENEXR_CFLAGS='-I'
OPENEXR_LIBS='-lImath -lIlmImf -lHalf -lIex -lz'
OPENEXR_SUPPORT_FALSE=''
OPENEXR_SUPPORT_TRUE='#'
OTOOL64=''
OTOOL=''
PACKAGE='pfstools'
PACKAGE_BUGREPORT=''
PACKAGE_NAME='pfstools'
PACKAGE_STRING='pfstools 1.8.5'
PACKAGE_TARNAME='pfstools'
PACKAGE_URL=''
PACKAGE_VERSION='1.8.5'
PATH_SEPARATOR=':'
PDFLATEX='/usr/bin/pdflatex'
PDFLATEX_SUPPORT_FALSE='#'
PDFLATEX_SUPPORT_TRUE=''
PKG_CONFIG='/usr/bin/pkg-config'
PKG_CONFIG_LIBDIR=''
PKG_CONFIG_PATH=''
PKG_DATADIR='/usr/local/share/pfstools'
PPM_SUPPORT_FALSE=''
PPM_SUPPORT_TRUE='#'
QT_CFLAGS='-DQT_SHARED -I/usr/include/QtGui -I/usr/include/QtCore  '
QT_LIBS='-lQtGui -lQtCore  '
QT_SUPPORT_FALSE='#'
QT_SUPPORT_TRUE=''
RANLIB='ranlib'
SED='/bin/sed'
SET_MAKE=''
SHELL='/bin/sh'
STRIP='strip'
TIFF_LIBS='-ltiff'
TIFF_SUPPORT_FALSE='#'
TIFF_SUPPORT_TRUE=''
VERSION='1.8.5'
ac_ct_CC='gcc'
ac_ct_CXX='g++'
ac_ct_DUMPBIN=''
am__EXEEXT_FALSE=''
am__EXEEXT_TRUE='#'
am__fastdepCC_FALSE='#'
am__fastdepCC_TRUE=''
am__fastdepCXX_FALSE='#'
am__fastdepCXX_TRUE=''
am__include='include'
am__isrc=''
am__leading_dot='.'
am__quote=''
am__tar='${AMTAR} chof - "$$tardir"'
am__untar='${AMTAR} xf -'
bindir='${exec_prefix}/bin'
build='x86_64-unknown-linux-gnu'
build_alias=''
build_cpu='x86_64'
build_os='linux-gnu'
build_vendor='unknown'
datadir='${datarootdir}'
datarootdir='${prefix}/share'
docdir='${datarootdir}/doc/${PACKAGE_TARNAME}'
dvidir='${docdir}'
exec_prefix='${prefix}'
host='x86_64-unknown-linux-gnu'
host_alias=''
host_cpu='x86_64'
host_os='linux-gnu'
host_vendor='unknown'
htmldir='${docdir}'
includedir='${prefix}/include'
infodir='${datarootdir}/info'
install_sh='${SHELL} /home/marnaud/dev/dream/TuttleOFX/plugins/private/Tonemapping/Libraries/pfstools-1.8.5/install-sh'
libdir='${exec_prefix}/lib'
libexecdir='${exec_prefix}/libexec'
localedir='${datarootdir}/locale'
localstatedir='${prefix}/var'
lt_ECHO='echo'
mandir='${datarootdir}/man'
mkdir_p='/bin/mkdir -p'
oldincludedir='/usr/include'
pdfdir='${docdir}'
prefix='/usr/local'
program_transform_name='s,x,x,'
psdir='${docdir}'
sbindir='${exec_prefix}/sbin'
sharedstatedir='${prefix}/com'
sysconfdir='${prefix}/etc'
target_alias=''

## ----------- ##
## confdefs.h. ##
## ----------- ##

/* confdefs.h */
#define PACKAGE_NAME "pfstools"
#define PACKAGE_TARNAME "pfstools"
#define PACKAGE_VERSION "1.8.5"
#define PACKAGE_STRING "pfstools 1.8.5"
#define PACKAGE_BUGREPORT ""
#define PACKAGE_URL ""
#define PACKAGE "pfstools"
#define VERSION "1.8.5"
#define STDC_HEADERS 1
#define HAVE_SYS_TYPES_H 1
#define HAVE_SYS_STAT_H 1
#define HAVE_STDLIB_H 1
#define HAVE_STRING_H 1
#define HAVE_MEMORY_H 1
#define HAVE_STRINGS_H 1
#define HAVE_INTTYPES_H 1
#define HAVE_STDINT_H 1
#define HAVE_UNISTD_H 1
#define HAVE_DLFCN_H 1
#define LT_OBJDIR ".libs/"
#define NDEBUG 1
#define HAVE_LIBIMAGEMAGICK 1
#define HAVE_LIBTIFF 1
#define HAVE_LIBQT 1
#define HAVE_LIBOPENGL 1
#define PKG_DATADIR "/usr/local/share/pfstools"

configure: exit 0
