This file contains any messages produced by compilers while
running configure, to aid debugging if configure makes a mistake.

It was created by pfstmo configure 1.4, which was
generated by GNU Autoconf 2.61.  Invocation command line was

  $ ./configure 

## --------- ##
## Platform. ##
## --------- ##

hostname = localhost.localdomain
uname -m = x86_64
uname -r = 2.6.41.10-3.fc15.x86_64
uname -s = Linux
uname -v = #1 SMP Mon Jan 23 15:46:37 UTC 2012

/usr/bin/uname -p = unknown
/bin/uname -X     = unknown

/bin/arch              = x86_64
/usr/bin/arch -k       = unknown
/usr/convex/getsysinfo = unknown
/usr/bin/hostinfo      = unknown
/bin/machine           = unknown
/usr/bin/oslevel       = unknown
/bin/universe          = unknown

PATH: /usr/autodesk/Autodesk_Toxik_2009_SP2/bin
PATH: /home/marnaud/scripts/boost
PATH: /usr/local/Nuke6.1v2/
PATH: /usr/local/Nuke6.3v1
PATH: /dist/linux/release/bin
PATH: /usr/autodesk/Autodesk_Toxik_2009_SP2/bin
PATH: /home/marnaud/scripts/boost
PATH: /usr/local/Nuke6.1v2/
PATH: /usr/local/Nuke6.3v1
PATH: /dist/linux/release/bin
PATH: /usr/lib64/qt-3.3/bin
PATH: /usr/lib64/mpich2/bin
PATH: /usr/local/bin
PATH: /usr/bin
PATH: /bin
PATH: /usr/games
PATH: /usr/local/sbin
PATH: /usr/sbin
PATH: /sbin
PATH: /home/marnaud/bin
PATH: /usr/local/cuda/bin/
PATH: /usr/local/cuda/computeprof/bin/


## ----------- ##
## Core tests. ##
## ----------- ##

configure:2010: checking for a BSD-compatible install
configure:2066: result: /usr/bin/install -c
configure:2077: checking whether build environment is sane
configure:2120: result: yes
configure:2148: checking for a thread-safe mkdir -p
configure:2187: result: /bin/mkdir -p
configure:2200: checking for gawk
configure:2216: found /usr/bin/gawk
configure:2227: result: gawk
configure:2238: checking whether make sets $(MAKE)
configure:2259: result: yes
configure:2513: checking for g++
configure:2529: found /usr/bin/g++
configure:2540: result: g++
configure:2571: checking for C++ compiler version
configure:2578: g++ --version >&5
g++ (GCC) 4.6.1 20110908 (Red Hat 4.6.1-9)
Copyright (C) 2011 Free Software Foundation, Inc.
This is free software; see the source for copying conditions.  There is NO
warranty; not even for MERCHANTABILITY or FITNESS FOR A PARTICULAR PURPOSE.

configure:2581: $? = 0
configure:2588: g++ -v >&5
Using built-in specs.
COLLECT_GCC=g++
COLLECT_LTO_WRAPPER=/usr/libexec/gcc/x86_64-redhat-linux/4.6.1/lto-wrapper
Target: x86_64-redhat-linux
Configured with: ../configure --prefix=/usr --mandir=/usr/share/man --infodir=/usr/share/info --with-bugurl=http://bugzilla.redhat.com/bugzilla --enable-bootstrap --enable-shared --enable-threads=posix --enable-checking=release --with-system-zlib --enable-__cxa_atexit --disable-libunwind-exceptions --enable-gnu-unique-object --enable-linker-build-id --enable-languages=c,c++,objc,obj-c++,java,fortran,ada,go,lto --enable-plugin --enable-java-awt=gtk --disable-dssi --with-java-home=/usr/lib/jvm/java-1.5.0-gcj-1.5.0.0/jre --enable-libgcj-multifile --enable-java-maintainer-mode --with-ecj-jar=/usr/share/java/eclipse-ecj.jar --disable-libjava-multilib --with-ppl --with-cloog --with-tune=generic --with-arch_32=i686 --build=x86_64-redhat-linux
Thread model: posix
gcc version 4.6.1 20110908 (Red Hat 4.6.1-9) (GCC) 
configure:2591: $? = 0
configure:2598: g++ -V >&5
g++: error: unrecognized option '-V'
g++: fatal error: no input files
compilation terminated.
configure:2601: $? = 4
configure:2624: checking for C++ compiler default output file name
configure:2651: g++    conftest.cpp  >&5
configure:2654: $? = 0
configure:2692: result: a.out
configure:2709: checking whether the C++ compiler works
configure:2719: ./a.out
configure:2722: $? = 0
configure:2739: result: yes
configure:2746: checking whether we are cross compiling
configure:2748: result: no
configure:2751: checking for suffix of executables
configure:2758: g++ -o conftest    conftest.cpp  >&5
configure:2761: $? = 0
configure:2785: result: 
configure:2791: checking for suffix of object files
configure:2817: g++ -c   conftest.cpp >&5
configure:2820: $? = 0
configure:2843: result: o
configure:2847: checking whether we are using the GNU C++ compiler
configure:2876: g++ -c   conftest.cpp >&5
configure:2882: $? = 0
configure:2899: result: yes
configure:2904: checking whether g++ accepts -g
configure:2934: g++ -c -g  conftest.cpp >&5
configure:2940: $? = 0
configure:3039: result: yes
configure:3073: checking for style of include used by make
configure:3101: result: GNU
configure:3126: checking dependency style of g++
configure:3217: result: gcc3
configure:3280: checking for gcc
configure:3296: found /usr/bin/gcc
configure:3307: result: gcc
configure:3545: checking for C compiler version
configure:3552: gcc --version >&5
gcc (GCC) 4.6.1 20110908 (Red Hat 4.6.1-9)
Copyright (C) 2011 Free Software Foundation, Inc.
This is free software; see the source for copying conditions.  There is NO
warranty; not even for MERCHANTABILITY or FITNESS FOR A PARTICULAR PURPOSE.

configure:3555: $? = 0
configure:3562: gcc -v >&5
Using built-in specs.
COLLECT_GCC=gcc
COLLECT_LTO_WRAPPER=/usr/libexec/gcc/x86_64-redhat-linux/4.6.1/lto-wrapper
Target: x86_64-redhat-linux
Configured with: ../configure --prefix=/usr --mandir=/usr/share/man --infodir=/usr/share/info --with-bugurl=http://bugzilla.redhat.com/bugzilla --enable-bootstrap --enable-shared --enable-threads=posix --enable-checking=release --with-system-zlib --enable-__cxa_atexit --disable-libunwind-exceptions --enable-gnu-unique-object --enable-linker-build-id --enable-languages=c,c++,objc,obj-c++,java,fortran,ada,go,lto --enable-plugin --enable-java-awt=gtk --disable-dssi --with-java-home=/usr/lib/jvm/java-1.5.0-gcj-1.5.0.0/jre --enable-libgcj-multifile --enable-java-maintainer-mode --with-ecj-jar=/usr/share/java/eclipse-ecj.jar --disable-libjava-multilib --with-ppl --with-cloog --with-tune=generic --with-arch_32=i686 --build=x86_64-redhat-linux
Thread model: posix
gcc version 4.6.1 20110908 (Red Hat 4.6.1-9) (GCC) 
configure:3565: $? = 0
configure:3572: gcc -V >&5
gcc: error: unrecognized option '-V'
gcc: fatal error: no input files
compilation terminated.
configure:3575: $? = 4
configure:3578: checking whether we are using the GNU C compiler
configure:3607: gcc -c   conftest.c >&5
configure:3613: $? = 0
configure:3630: result: yes
configure:3635: checking whether gcc accepts -g
configure:3665: gcc -c -g  conftest.c >&5
configure:3671: $? = 0
configure:3770: result: yes
configure:3787: checking for gcc option to accept ISO C89
configure:3861: gcc  -c -g -O2  conftest.c >&5
configure:3867: $? = 0
configure:3890: result: none needed
configure:3910: checking dependency style of gcc

## ---------------- ##
## Cache variables. ##
## ---------------- ##

ac_cv_c_compiler_gnu=yes
ac_cv_cxx_compiler_gnu=yes
ac_cv_env_CCC_set=
ac_cv_env_CCC_value=
ac_cv_env_CC_set=
ac_cv_env_CC_value=
ac_cv_env_CFLAGS_set=
ac_cv_env_CFLAGS_value=
ac_cv_env_CPPFLAGS_set=
ac_cv_env_CPPFLAGS_value=
ac_cv_env_CPP_set=
ac_cv_env_CPP_value=
ac_cv_env_CXXCPP_set=
ac_cv_env_CXXCPP_value=
ac_cv_env_CXXFLAGS_set=
ac_cv_env_CXXFLAGS_value=
ac_cv_env_CXX_set=
ac_cv_env_CXX_value=
ac_cv_env_F77_set=
ac_cv_env_F77_value=
ac_cv_env_FFLAGS_set=
ac_cv_env_FFLAGS_value=
ac_cv_env_FFTW3F_CFLAGS_set=
ac_cv_env_FFTW3F_CFLAGS_value=
ac_cv_env_FFTW3F_LIBS_set=
ac_cv_env_FFTW3F_LIBS_value=
ac_cv_env_GSL_CFLAGS_set=
ac_cv_env_GSL_CFLAGS_value=
ac_cv_env_GSL_LIBS_set=
ac_cv_env_GSL_LIBS_value=
ac_cv_env_LDFLAGS_set=
ac_cv_env_LDFLAGS_value=
ac_cv_env_LIBS_set=
ac_cv_env_LIBS_value=
ac_cv_env_PFS_CFLAGS_set=
ac_cv_env_PFS_CFLAGS_value=
ac_cv_env_PFS_LIBS_set=
ac_cv_env_PFS_LIBS_value=
ac_cv_env_PKG_CONFIG_set=
ac_cv_env_PKG_CONFIG_value=
ac_cv_env_build_alias_set=
ac_cv_env_build_alias_value=
ac_cv_env_host_alias_set=
ac_cv_env_host_alias_value=
ac_cv_env_target_alias_set=
ac_cv_env_target_alias_value=
ac_cv_objext=o
ac_cv_path_install='/usr/bin/install -c'
ac_cv_path_mkdir=/bin/mkdir
ac_cv_prog_AWK=gawk
ac_cv_prog_ac_ct_CC=gcc
ac_cv_prog_ac_ct_CXX=g++
ac_cv_prog_cc_c89=
ac_cv_prog_cc_g=yes
ac_cv_prog_cxx_g=yes
ac_cv_prog_make_make_set=yes
am_cv_CC_dependencies_compiler_type=none
am_cv_CXX_dependencies_compiler_type=gcc3

## ----------------- ##
## Output variables. ##
## ----------------- ##

ACLOCAL='${SHELL} /home/marnaud/Dropbox/Tonemapping/Libraries/pfstmo-1.4/missing --run aclocal-1.10'
AMDEPBACKSLASH='\'
AMDEP_FALSE='#'
AMDEP_TRUE=''
AMTAR='${SHELL} /home/marnaud/Dropbox/Tonemapping/Libraries/pfstmo-1.4/missing --run tar'
AR=''
AUTOCONF='${SHELL} /home/marnaud/Dropbox/Tonemapping/Libraries/pfstmo-1.4/missing --run autoconf'
AUTOHEADER='${SHELL} /home/marnaud/Dropbox/Tonemapping/Libraries/pfstmo-1.4/missing --run autoheader'
AUTOMAKE='${SHELL} /home/marnaud/Dropbox/Tonemapping/Libraries/pfstmo-1.4/missing --run automake-1.10'
AWK='gawk'
CC='gcc'
CCDEPMODE=''
CFLAGS='-g -O2'
CPP=''
CPPFLAGS=''
CXX='g++'
CXXCPP=''
CXXDEPMODE='depmode=gcc3'
CXXFLAGS='-g -O2'
CYGPATH_W='echo'
DEFS=''
DEPDIR='.deps'
ECHO='echo'
ECHO_C=''
ECHO_N='-n'
ECHO_T=''
EGREP=''
EXEEXT=''
F77=''
FFLAGS=''
FFTW3F_CFLAGS=''
FFTW3F_LIBS=''
GREP=''
GSL_CFLAGS=''
GSL_LIBS=''
INSTALL_DATA='${INSTALL} -m 644'
INSTALL_PROGRAM='${INSTALL}'
INSTALL_SCRIPT='${INSTALL}'
INSTALL_STRIP_PROGRAM='$(install_sh) -c -s'
LDFLAGS=''
LIBOBJS=''
LIBS=''
LIBTOOL=''
LN_S=''
LTLIBOBJS=''
MAKEINFO='${SHELL} /home/marnaud/Dropbox/Tonemapping/Libraries/pfstmo-1.4/missing --run makeinfo'
OBJEXT='o'
PACKAGE='pfstmo'
PACKAGE_BUGREPORT='rafm@users.sourceforge.net'
PACKAGE_NAME='pfstmo'
PACKAGE_STRING='pfstmo 1.4'
PACKAGE_TARNAME='pfstmo'
PACKAGE_VERSION='1.4'
PATH_SEPARATOR=':'
PFS_CFLAGS=''
PFS_LIBS=''
PKG_CONFIG=''
PRTDIAG=''
RANLIB=''
SED=''
SET_MAKE=''
SHELL='/bin/sh'
STRIP=''
SUP_FFTW3F_FALSE=''
SUP_FFTW3F_TRUE=''
SUP_GSL_FALSE=''
SUP_GSL_TRUE=''
VERSION='1.4'
ac_ct_CC='gcc'
ac_ct_CXX='g++'
ac_ct_F77=''
am__fastdepCC_FALSE=''
am__fastdepCC_TRUE=''
am__fastdepCXX_FALSE='#'
am__fastdepCXX_TRUE=''
am__include='include'
am__isrc=''
am__leading_dot='.'
am__quote=''
am__tar='${AMTAR} chof - "$$tardir"'
am__untar='${AMTAR} xf -'
bindir='${exec_prefix}/bin'
build=''
build_alias=''
build_cpu=''
build_os=''
build_vendor=''
datadir='${datarootdir}'
datarootdir='${prefix}/share'
docdir='${datarootdir}/doc/${PACKAGE_TARNAME}'
dvidir='${docdir}'
exec_prefix='NONE'
host=''
host_alias=''
host_cpu=''
host_os=''
host_vendor=''
htmldir='${docdir}'
includedir='${prefix}/include'
infodir='${datarootdir}/info'
install_sh='$(SHELL) /home/marnaud/Dropbox/Tonemapping/Libraries/pfstmo-1.4/install-sh'
libdir='${exec_prefix}/lib'
libexecdir='${exec_prefix}/libexec'
localedir='${datarootdir}/locale'
localstatedir='${prefix}/var'
mandir='${datarootdir}/man'
mkdir_p='/bin/mkdir -p'
oldincludedir='/usr/include'
pdfdir='${docdir}'
prefix='NONE'
program_transform_name='s,x,x,'
psdir='${docdir}'
sbindir='${exec_prefix}/sbin'
sharedstatedir='${prefix}/com'
sysconfdir='${prefix}/etc'
target_alias=''

configure: caught signal 2
configure: exit 1
